/*C12*/SET SCHEMA PUBLIC
DISCONNECT
/*C14*/SET SCHEMA PUBLIC
DISCONNECT
/*C15*/SET SCHEMA PUBLIC
DISCONNECT
/*C16*/SET SCHEMA PUBLIC
DISCONNECT
/*C17*/SET SCHEMA PUBLIC
DISCONNECT
/*C18*/SET SCHEMA PUBLIC
DISCONNECT
/*C19*/SET SCHEMA PUBLIC
DISCONNECT
/*C20*/SET SCHEMA PUBLIC
DISCONNECT
/*C13*/SET SCHEMA PUBLIC
DISCONNECT
/*C21*/SET SCHEMA PUBLIC
DELETE FROM ROOM WHERE ID='S_98'
INSERT INTO ROOM VALUES('S_98','Suite',6,'Ocean View','Rented','22/10/2019','suite_room_S_98.jpg')
COMMIT
DISCONNECT
/*C22*/SET SCHEMA PUBLIC
INSERT INTO HIRING_RECORD VALUES('S_98_184_01102019','S_98','01/10/2019','04/10/2019',NULL,NULL,NULL)
COMMIT
DISCONNECT
/*C23*/SET SCHEMA PUBLIC
DELETE FROM ROOM WHERE ID='S_98'
INSERT INTO ROOM VALUES('S_98','Suite',6,'Ocean View','Available','22/10/2019','suite_room_S_98.jpg')
COMMIT
DISCONNECT
/*C24*/SET SCHEMA PUBLIC
DELETE FROM HIRING_RECORD WHERE ID='S_98_184_01102019'
INSERT INTO HIRING_RECORD VALUES('S_98_184_01102019','S_98','01/10/2019','04/10/2019','04/10/2019',297,0)
COMMIT
DISCONNECT
